<?xml version="1.0" encoding="UTF-8"?>
<!-- Generated by org.testng.reporters.JUnitReportReporter -->
<testsuite hostname="PC" name="com.SM.testCases.TC001_Login_Test" tests="1" failures="0" timestamp="25 Mar 2022 14:31:57 GMT" time="11.055" errors="0">
  <testcase name="loginTest" time="11.055" classname="com.SM.testCases.TC001_Login_Test"/>
</testsuite> <!-- com.SM.testCases.TC001_Login_Test -->
