<?xml version="1.0" encoding="UTF-8"?>
<!-- Generated by org.testng.reporters.JUnitReportReporter -->
<testsuite hostname="PC" name="com.SM.testCases.TC002_CheckSignUpLink_Test" tests="1" failures="0" timestamp="25 Mar 2022 14:31:57 GMT" time="3.220" errors="0">
  <testcase name="checkSignupLinkTest" time="3.220" classname="com.SM.testCases.TC002_CheckSignUpLink_Test"/>
</testsuite> <!-- com.SM.testCases.TC002_CheckSignUpLink_Test -->
