<?xml version="1.0" encoding="UTF-8"?>
<!-- Generated by org.testng.reporters.JUnitReportReporter -->
<testsuite hostname="PC" name="com.SM.testCases.TC001_Login_Test" tests="1" failures="0" timestamp="26 Mar 2022 09:23:07 GMT" time="11.293" errors="0">
  <testcase name="loginTest" time="11.293" classname="com.SM.testCases.TC001_Login_Test"/>
</testsuite> <!-- com.SM.testCases.TC001_Login_Test -->
