<?xml version="1.0" encoding="UTF-8"?>
<!-- Generated by org.testng.reporters.JUnitReportReporter -->
<testsuite hostname="PC" name="com.SM.testCases.TC002_CheckSignUpLink_Test" tests="1" failures="0" timestamp="26 Mar 2022 09:23:07 GMT" time="2.754" errors="0">
  <testcase name="checkSignupLinkTest" time="2.754" classname="com.SM.testCases.TC002_CheckSignUpLink_Test"/>
</testsuite> <!-- com.SM.testCases.TC002_CheckSignUpLink_Test -->
